0 info it worked if it ends with ok
1 verbose cli [ '/usr/local/Cellar/node/5.4.0/bin/node',
1 verbose cli   '/usr/local/bin/npm',
1 verbose cli   'run',
1 verbose cli   'cwatch' ]
2 info using npm@3.3.12
3 info using node@v5.4.0
4 verbose run-script [ 'precwatch', 'cwatch', 'postcwatch' ]
5 info lifecycle hybrid_letterbox_app@1.0.0~precwatch: hybrid_letterbox_app@1.0.0
6 silly lifecycle hybrid_letterbox_app@1.0.0~precwatch: no script for precwatch, continuing
7 info lifecycle hybrid_letterbox_app@1.0.0~cwatch: hybrid_letterbox_app@1.0.0
8 verbose lifecycle hybrid_letterbox_app@1.0.0~cwatch: unsafe-perm in lifecycle true
9 verbose lifecycle hybrid_letterbox_app@1.0.0~cwatch: PATH: /usr/local/lib/node_modules/npm/bin/node-gyp-bin:/Users/lutz/Projects/mazi-princess/src/server/www/node_modules/.bin:/usr/local/bin:/usr/bin:/bin:/usr/sbin:/sbin:/Users/lutz/Library/Android/sdk/platform-tools:/Users/lutz/Develop/mongodb-osx-x86_64-3.2.6/bin
10 verbose lifecycle hybrid_letterbox_app@1.0.0~cwatch: CWD: /Users/lutz/Projects/mazi-princess/src/server/www
11 silly lifecycle hybrid_letterbox_app@1.0.0~cwatch: Args: [ '-c', 'compass watch' ]
12 info lifecycle hybrid_letterbox_app@1.0.0~cwatch: Failed to exec cwatch script
13 verbose stack Error: hybrid_letterbox_app@1.0.0 cwatch: `compass watch`
13 verbose stack spawn ENOENT
13 verbose stack     at ChildProcess.<anonymous> (/usr/local/lib/node_modules/npm/lib/utils/spawn.js:17:16)
13 verbose stack     at emitTwo (events.js:87:13)
13 verbose stack     at ChildProcess.emit (events.js:172:7)
13 verbose stack     at maybeClose (internal/child_process.js:821:16)
13 verbose stack     at Process.ChildProcess._handle.onexit (internal/child_process.js:211:5)
14 verbose pkgid hybrid_letterbox_app@1.0.0
15 verbose cwd /Users/lutz/Projects/mazi-princess/src/server/www
16 error Darwin 15.5.0
17 error argv "/usr/local/Cellar/node/5.4.0/bin/node" "/usr/local/bin/npm" "run" "cwatch"
18 error node v5.4.0
19 error npm  v3.3.12
20 error file sh
21 error code ELIFECYCLE
22 error errno ENOENT
23 error syscall spawn
24 error hybrid_letterbox_app@1.0.0 cwatch: `compass watch`
24 error spawn ENOENT
25 error Failed at the hybrid_letterbox_app@1.0.0 cwatch script 'compass watch'.
25 error Make sure you have the latest version of node.js and npm installed.
25 error If you do, this is most likely a problem with the hybrid_letterbox_app package,
25 error not with npm itself.
25 error Tell the author that this fails on your system:
25 error     compass watch
25 error You can get their info via:
25 error     npm owner ls hybrid_letterbox_app
25 error There is likely additional logging output above.
26 verbose exit [ 1, true ]
